Vector A:
---------------------------------------------------------------------------------
|384 |887 |778 |916 |794 |336 |387 |493 |650 |422 |363 | 28 |691 | 60 |764 |927 |
|541 |427 |173 |737 |212 |369 |568 |430 |783 |531 |863 |124 | 68 |136 |930 |803 |
| 23 | 59 | 70 |168 |394 |457 | 12 | 43 |230 |374 |422 |920 |785 |538 |199 |325 |
|316 |371 |414 |527 | 92 |981 |957 |874 |863 |171 |997 |282 |306 |926 | 85 |328 |
|337 |506 |847 |730 |314 |858 |125 |896 |583 |546 |815 |368 |435 |365 | 44 |751 |
| 88 |809 |277 |179 |789 |585 |404 |652 |755 |400 |933 | 61 |677 |369 |740 | 13 |
|227 |587 | 95 |540 |796 |571 |435 |379 |468 |602 | 98 |903 |318 |493 |653 |757 |
|302 |281 |287 |442 |866 |690 |445 |620 |441 |730 | 32 |118 | 98 |772 |482 |676 |
|710 |928 |568 |857 |498 |354 |587 |966 |307 |684 |220 |625 |529 |872 |733 |830 |
|504 | 20 |271 |369 |709 |716 |341 |150 |797 |724 |619 |246 |847 |452 |922 |556 |
|380 |489 |765 |229 |842 |351 |194 |501 | 35 |765 |125 |915 |988 |857 |744 |492 |
|228 |366 |860 |937 |433 |552 |438 |229 |276 |408 |475 |122 |859 |396 | 30 |238 |
|236 |794 |819 |429 |144 | 12 |929 |530 |777 |405 |444 |764 |614 |539 |607 |841 |
|905 |819 |129 |689 |370 |918 |918 |997 |325 |744 |471 |184 |491 |500 |773 |726 |
|645 |591 |506 |140 |955 |787 |670 | 83 |543 |465 |198 |508 |356 |805 |349 |612 |
|623 |829 |300 |344 |747 |569 |341 |423 |312 |811 |606 |802 |662 |731 |879 |306 |
|321 |737 |445 |627 |523 |466 |709 |417 |283 |259 |925 |638 | 63 |625 |601 | 37 |
|453 |900 |380 |551 |469 | 72 |974 |132 |882 |931 |934 |895 |661 |164 |200 |982 |
|900 |997 |960 |774 |814 |669 |191 | 96 |927 |467 | 85 |341 | 91 |685 |377 |543 |
|937 |108 |446 |757 |180 |419 |888 |413 |349 |173 |660 | 10 |337 |211 |343 |588 |
|207 |302 |714 |373 |322 |256 |820 |600 |722 |905 |940 |812 |941 |668 |706 |229 |
|128 |151 |985 |659 |921 |225 |423 |270 |397 | 82 |631 | 85 |293 |973 |673 |851 |
|626 |386 |223 |300 |641 | 43 |899 |714 |299 |191 |525 |591 |210 |582 |820 |337 |
|733 |156 |995 |  5 |380 |770 |274 |777 |851 |256 |861 |143 |580 |885 |994 |206 |
|622 |568 |505 |614 |962 |755 |327 |260 |945 |203 |203 |507 |785 | 22 |843 |869 |
|529 |190 |873 |909 |959 |499 | 37 |809 |754 |249 |304 |334 |134 |649 |891 |755 |
|568 |747 |369 |530 |501 | 47 |789 |798 |250 |991 |304 | 34 |364 |498 |254 |893 |
|687 |126 |153 |997 |976 |189 |158 |730 |437 |461 |415 |922 |461 |305 | 29 | 28 |
| 51 |749 |557 |903 |795 |698 |700 | 44 | 40 |  3 |429 |404 |501 |682 |648 |539 |
|160 |152 |536 |135 |340 |693 |216 |128 |505 |630 | 50 |965 |286 |430 |344 |336 |
|178 |901 |239 |972 |950 |290 |368 |989 |293 |796 |744 |145 |830 |391 |683 |341 |
|542 |570 |827 |233 |    |    |    |    |    |    |    |    |    |    |    |    |
---------------------------------------------------------------------------------
Vector A Sorted:
---------------------------------------------------------------------------------
|  3 |  5 | 10 | 12 | 12 | 13 | 20 | 22 | 23 | 28 | 28 | 29 | 30 | 32 | 34 | 35 |
| 37 | 37 | 40 | 43 | 43 | 44 | 44 | 47 | 50 | 51 | 59 | 60 | 61 | 63 | 68 | 70 |
| 72 | 82 | 83 | 85 | 85 | 85 | 88 | 91 | 92 | 95 | 96 | 98 | 98 |108 |118 |122 |
|124 |125 |125 |126 |128 |128 |129 |132 |134 |135 |136 |140 |143 |144 |145 |150 |
|151 |152 |153 |156 |158 |160 |164 |168 |171 |173 |173 |178 |179 |180 |184 |189 |
|190 |191 |191 |194 |198 |199 |200 |203 |203 |206 |207 |210 |211 |212 |216 |220 |
|223 |225 |227 |228 |229 |229 |229 |230 |233 |236 |238 |239 |246 |249 |250 |254 |
|256 |256 |259 |260 |270 |271 |274 |276 |277 |281 |282 |283 |286 |287 |290 |293 |
|293 |299 |300 |300 |302 |302 |304 |304 |305 |306 |306 |307 |312 |314 |316 |318 |
|321 |322 |325 |325 |327 |328 |334 |336 |336 |337 |337 |337 |340 |341 |341 |341 |
|341 |343 |344 |344 |349 |349 |351 |354 |356 |363 |364 |365 |366 |368 |368 |369 |
|369 |369 |369 |370 |371 |373 |374 |377 |379 |380 |380 |380 |384 |386 |387 |391 |
|394 |396 |397 |400 |404 |404 |405 |408 |413 |414 |415 |417 |419 |422 |422 |423 |
|423 |427 |429 |429 |430 |430 |433 |435 |435 |437 |438 |441 |442 |444 |445 |445 |
|446 |452 |453 |457 |461 |461 |465 |466 |467 |468 |469 |471 |475 |482 |489 |491 |
|492 |493 |493 |498 |498 |499 |500 |501 |501 |501 |504 |505 |505 |506 |506 |507 |
|508 |523 |525 |527 |529 |529 |530 |530 |531 |536 |538 |539 |539 |540 |541 |542 |
|543 |543 |546 |551 |552 |556 |557 |568 |568 |568 |568 |569 |570 |571 |580 |582 |
|583 |585 |587 |587 |588 |591 |591 |600 |601 |602 |606 |607 |612 |614 |614 |619 |
|620 |622 |623 |625 |625 |626 |627 |630 |631 |638 |641 |645 |648 |649 |650 |652 |
|653 |659 |660 |661 |662 |668 |669 |670 |673 |676 |677 |682 |683 |684 |685 |687 |
|689 |690 |691 |693 |698 |700 |706 |709 |709 |710 |714 |714 |716 |722 |724 |726 |
|730 |730 |730 |731 |733 |733 |737 |737 |740 |744 |744 |744 |747 |747 |749 |751 |
|754 |755 |755 |755 |757 |757 |764 |764 |765 |765 |770 |772 |773 |774 |777 |777 |
|778 |783 |785 |785 |787 |789 |789 |794 |794 |795 |796 |796 |797 |798 |802 |803 |
|805 |809 |809 |811 |812 |814 |815 |819 |819 |820 |820 |827 |829 |830 |830 |841 |
|842 |843 |847 |847 |851 |851 |857 |857 |858 |859 |860 |861 |863 |863 |866 |869 |
|872 |873 |874 |879 |882 |885 |887 |888 |891 |893 |895 |896 |899 |900 |900 |901 |
|903 |903 |905 |905 |909 |915 |916 |918 |918 |920 |921 |922 |922 |925 |926 |927 |
|927 |928 |929 |930 |931 |933 |934 |937 |937 |940 |941 |945 |950 |955 |957 |959 |
|960 |962 |965 |966 |972 |973 |974 |976 |981 |982 |985 |988 |989 |991 |994 |995 |
|997 |997 |997 |997 |    |    |    |    |    |    |    |    |    |    |    |    |
---------------------------------------------------------------------------------
Vector B:
---------------------------------------------------------------------------------
|747 |986 |169 |441 |426 |941 | 73 |377 |802 |265 |859 |925 |394 |740 |603 |842 |
|265 |976 |202 |896 |516 |143 |439 |259 |274 |648 |886 |938 |469 |799 |455 |215 |
|137 |975 |  7 |562 |916 | 79 |291 | 69 |695 |149 |993 | 88 |889 |948 |282 |153 |
|923 |483 |    |    |    |    |    |    |    |    |    |    |    |    |    |    |
---------------------------------------------------------------------------------
Linear Search: Percent of sucessful searches = 4.20%
Binary Search: Percent of sucessful searches = 4.20%
