Vector A:
---------------------------------------------------------------------------------
|137 |845 |586 |395 |564 |800 |353 |166 |835 |326 |159 |122 |402 |530 |132 |104 |
|295 |451 |836 |551 |810 |288 |349 |529 |225 |297 |594 |707 |848 |488 |456 |640 |
|433 |697 |690 |652 |596 |143 |473 |530 |124 |532 |307 |426 |717 |896 |186 |111 |
|201 |121 |318 |110 |866 |567 |540 |190 |519 |789 |797 |221 |376 |352 |762 |709 |
|705 |306 |215 |400 |104 |588 |586 |685 |775 |793 |210 |592 |543 |852 |358 |645 |
|629 |331 |655 |594 |798 |850 |439 |417 |738 |335 |538 |214 |342 |154 |578 |146 |
|116 |694 |202 |120 |136 |443 |705 |812 |891 |571 |258 |534 |277 |271 |278 |561 |
|503 |588 |810 |155 |538 |348 |227 |375 |338 |421 |244 |581 |475 |723 |382 |246 |
|271 |239 |823 |863 |582 |382 |529 |573 |608 |687 |762 |786 |614 |139 |201 |216 |
|382 |111 |271 |820 |359 |399 |851 |598 |475 |750 |834 |605 |327 |871 |752 |498 |
|210 |674 |216 |447 |155 |645 |119 |419 |432 |536 |304 |701 |330 |405 |817 |613 |
|171 |743 |532 |431 |797 |237 |684 |371 |888 |372 |877 |314 |342 |728 |468 |452 |
|256 |584 |555 |867 |328 |574 |385 |415 |    |    |    |    |    |    |    |    |
---------------------------------------------------------------------------------
Vector A Sorted:
---------------------------------------------------------------------------------
|104 |104 |110 |111 |111 |116 |119 |120 |121 |122 |124 |132 |136 |137 |139 |143 |
|146 |154 |155 |155 |159 |166 |171 |186 |190 |201 |201 |202 |210 |210 |214 |215 |
|216 |216 |221 |225 |227 |237 |239 |244 |246 |256 |258 |271 |271 |271 |277 |278 |
|288 |295 |297 |304 |306 |307 |314 |318 |326 |327 |328 |330 |331 |335 |338 |342 |
|342 |348 |349 |352 |353 |358 |359 |371 |372 |375 |376 |382 |382 |382 |385 |395 |
|399 |400 |402 |405 |415 |417 |419 |421 |426 |431 |432 |433 |439 |443 |447 |451 |
|452 |456 |468 |473 |475 |475 |488 |498 |503 |519 |529 |529 |530 |530 |532 |532 |
|534 |536 |538 |538 |540 |543 |551 |555 |561 |564 |567 |571 |573 |574 |578 |581 |
|582 |584 |586 |586 |588 |588 |592 |594 |594 |596 |598 |605 |608 |613 |614 |629 |
|640 |645 |645 |652 |655 |674 |684 |685 |687 |690 |694 |697 |701 |705 |705 |707 |
|709 |717 |723 |728 |738 |743 |750 |752 |762 |762 |775 |786 |789 |793 |797 |797 |
|798 |800 |810 |810 |812 |817 |820 |823 |834 |835 |836 |845 |848 |850 |851 |852 |
|863 |866 |867 |871 |877 |888 |891 |896 |    |    |    |    |    |    |    |    |
---------------------------------------------------------------------------------
Vector B:
---------------------------------------------------------------------------------
|184 |104 |388 |340 |529 |482 |481 |470 |326 |176 |203 |806 |370 |686 |293 |586 |
|763 |641 |842 |571 |134 |199 |644 |274 |482 |186 |786 |273 |326 |509 |332 |410 |
|269 |375 |405 |698 |758 |786 |824 |739 |617 |126 |644 |887 |713 |593 |328 |575 |
|333 |269 |801 |122 |368 |544 |297 |750 |385 |738 |678 |611 |101 |110 |677 |270 |
|140 |181 |869 |798 |623 |792 |636 |339 |573 |135 |326 |385 |628 |554 |615 |616 |
|723 |270 |639 |190 |715 |591 |595 |199 |428 |373 |466 |429 |138 |242 |600 |178 |
|323 |323 |877 |601 |    |    |    |    |    |    |    |    |    |    |    |    |
---------------------------------------------------------------------------------
Linear Search: Percent of sucessful searches = 12.50%
Binary Search: Percent of sucessful searches = 12.50%
